-- Found ament_cmake: 0.9.8 (/opt/ros/foxy/share/ament_cmake/cmake)
-- Using PYTHON_EXECUTABLE: /usr/bin/python3
-- Override CMake install command with custom implementation using symlinks instead of copying resources
-- Found rclcpp: 2.3.1 (/opt/ros/foxy/share/rclcpp/cmake)
-- Using all available rosidl_typesupport_c: rosidl_typesupport_fastrtps_c;rosidl_typesupport_introspection_c
-- Found rosidl_adapter: 1.2.1 (/opt/ros/foxy/share/rosidl_adapter/cmake)
-- Using all available rosidl_typesupport_cpp: rosidl_typesupport_fastrtps_cpp;rosidl_typesupport_introspection_cpp
-- Found rmw_implementation_cmake: 1.0.3 (/opt/ros/foxy/share/rmw_implementation_cmake/cmake)
-- Using RMW implementation 'rmw_fastrtps_cpp' as default
-- Found geometry_msgs: 2.0.4 (/opt/ros/foxy/share/geometry_msgs/cmake)
-- Found nav_msgs: 2.0.4 (/opt/ros/foxy/share/nav_msgs/cmake)
-- Found nav2_core: 0.4.7 (/home/anushreesabnis/nav2_ws/install/nav2_core/share/nav2_core/cmake)
-- Found tf2_py: 0.13.10 (/opt/ros/foxy/share/tf2_py/cmake)
-- Found tf2_eigen: 0.13.10 (/opt/ros/foxy/share/tf2_eigen/cmake)
-- Found tf2_tools: 0.13.10 (/opt/ros/foxy/share/tf2_tools/cmake)
-- Found tf2_kdl: 0.13.10 (/home/anushreesabnis/ros2_foxy/install/tf2_kdl/share/tf2_kdl/cmake)
-- Found nav_2d_utils: 0.4.7 (/home/anushreesabnis/nav2_ws/install/nav_2d_utils/share/nav_2d_utils/cmake)
CMake Error at CMakeLists.txt:26 (nav2_package):
  Unknown CMake command "nav2_package".


-- Configuring incomplete, errors occurred!
See also "/home/anushreesabnis/OSPP-2021/ospp-ws/build/assisted_teleop/CMakeFiles/CMakeOutput.log".
See also "/home/anushreesabnis/OSPP-2021/ospp-ws/build/assisted_teleop/CMakeFiles/CMakeError.log".
