-- Found ament_cmake: 0.9.8 (/opt/ros/foxy/share/ament_cmake/cmake)
-- Using PYTHON_EXECUTABLE: /usr/bin/python3
-- Override CMake install command with custom implementation using symlinks instead of copying resources
-- Found rclcpp: 2.3.1 (/opt/ros/foxy/share/rclcpp/cmake)
-- Using all available rosidl_typesupport_c: rosidl_typesupport_fastrtps_c;rosidl_typesupport_introspection_c
-- Found rosidl_adapter: 1.2.1 (/opt/ros/foxy/share/rosidl_adapter/cmake)
-- Using all available rosidl_typesupport_cpp: rosidl_typesupport_fastrtps_cpp;rosidl_typesupport_introspection_cpp
-- Found rmw_implementation_cmake: 1.0.3 (/opt/ros/foxy/share/rmw_implementation_cmake/cmake)
-- Using RMW implementation 'rmw_fastrtps_cpp' as default
-- Found geometry_msgs: 2.0.4 (/opt/ros/foxy/share/geometry_msgs/cmake)
-- Found nav_msgs: 2.0.4 (/opt/ros/foxy/share/nav_msgs/cmake)
-- Found nav2_common: 0.4.7 (/home/anushreesabnis/nav2_ws/install/nav2_common/share/nav2_common/cmake)
-- Found nav2_msgs: 0.4.7 (/home/anushreesabnis/nav2_ws/install/nav2_msgs/share/nav2_msgs/cmake)
-- Found tf2_py: 0.13.10 (/opt/ros/foxy/share/tf2_py/cmake)
-- Found tf2: 0.13.10 (/opt/ros/foxy/share/tf2/cmake)
-- Found tf2_ros: 0.13.10 (/opt/ros/foxy/share/tf2_ros/cmake)
-- Found tf2_sensor_msgs: 0.13.10 (/opt/ros/foxy/share/tf2_sensor_msgs/cmake)
-- Found tf2_geometry_msgs: 0.13.10 (/opt/ros/foxy/share/tf2_geometry_msgs/cmake)
-- Found tf2_eigen: 0.13.10 (/opt/ros/foxy/share/tf2_eigen/cmake)
-- Found tf2_tools: 0.13.10 (/opt/ros/foxy/share/tf2_tools/cmake)
-- Found nav2_util: 0.4.7 (/home/anushreesabnis/nav2_ws/install/nav2_util/share/nav2_util/cmake)
-- Found nav2_costmap_2d: 0.4.7 (/home/anushreesabnis/nav2_ws/install/nav2_costmap_2d/share/nav2_costmap_2d/cmake)
-- Found tf2_kdl: 0.13.10 (/home/anushreesabnis/ros2_foxy/install/tf2_kdl/share/tf2_kdl/cmake)
-- Found nav_2d_utils: 0.4.7 (/home/anushreesabnis/nav2_ws/install/nav_2d_utils/share/nav_2d_utils/cmake)
-- Configuring done
-- Generating done
-- Build files have been written to: /home/anushreesabnis/OSPP-2021/ospp-ws/build/assisted_teleop
[ 50%] Built target assisted_teleop_core
[100%] Built target assisted_teleop_node
-- Install configuration: "Release"
-- Execute custom install script
-- Up-to-date symlink: /home/anushreesabnis/OSPP-2021/ospp-ws/install/assisted_teleop/lib/libassisted_teleop_core.so
-- Up-to-date symlink: /home/anushreesabnis/OSPP-2021/ospp-ws/install/assisted_teleop/lib/assisted_teleop/assisted_teleop_node
-- Up-to-date symlink: /home/anushreesabnis/OSPP-2021/ospp-ws/install/assisted_teleop/include//assisted_teleop/assisted_teleop.hpp
-- Up-to-date symlink: /home/anushreesabnis/OSPP-2021/ospp-ws/install/assisted_teleop/share/assisted_teleop/environment/library_path.sh
-- Up-to-date symlink: /home/anushreesabnis/OSPP-2021/ospp-ws/install/assisted_teleop/share/assisted_teleop/environment/library_path.dsv
-- Up-to-date symlink: /home/anushreesabnis/OSPP-2021/ospp-ws/install/assisted_teleop/share/ament_index/resource_index/package_run_dependencies/assisted_teleop
-- Up-to-date symlink: /home/anushreesabnis/OSPP-2021/ospp-ws/install/assisted_teleop/share/ament_index/resource_index/parent_prefix_path/assisted_teleop
-- Up-to-date symlink: /home/anushreesabnis/OSPP-2021/ospp-ws/install/assisted_teleop/share/assisted_teleop/environment/ament_prefix_path.sh
-- Up-to-date symlink: /home/anushreesabnis/OSPP-2021/ospp-ws/install/assisted_teleop/share/assisted_teleop/environment/ament_prefix_path.dsv
-- Up-to-date symlink: /home/anushreesabnis/OSPP-2021/ospp-ws/install/assisted_teleop/share/assisted_teleop/environment/path.sh
-- Up-to-date symlink: /home/anushreesabnis/OSPP-2021/ospp-ws/install/assisted_teleop/share/assisted_teleop/environment/path.dsv
-- Up-to-date symlink: /home/anushreesabnis/OSPP-2021/ospp-ws/install/assisted_teleop/share/assisted_teleop/local_setup.bash
-- Up-to-date symlink: /home/anushreesabnis/OSPP-2021/ospp-ws/install/assisted_teleop/share/assisted_teleop/local_setup.sh
-- Up-to-date symlink: /home/anushreesabnis/OSPP-2021/ospp-ws/install/assisted_teleop/share/assisted_teleop/local_setup.zsh
-- Up-to-date symlink: /home/anushreesabnis/OSPP-2021/ospp-ws/install/assisted_teleop/share/assisted_teleop/local_setup.dsv
-- Symlinking: /home/anushreesabnis/OSPP-2021/ospp-ws/install/assisted_teleop/share/assisted_teleop/package.dsv
-- Up-to-date symlink: /home/anushreesabnis/OSPP-2021/ospp-ws/install/assisted_teleop/share/ament_index/resource_index/packages/assisted_teleop
-- Up-to-date symlink: /home/anushreesabnis/OSPP-2021/ospp-ws/install/assisted_teleop/share/assisted_teleop/cmake/ament_cmake_export_include_directories-extras.cmake
-- Up-to-date symlink: /home/anushreesabnis/OSPP-2021/ospp-ws/install/assisted_teleop/share/assisted_teleop/cmake/ament_cmake_export_libraries-extras.cmake
-- Up-to-date symlink: /home/anushreesabnis/OSPP-2021/ospp-ws/install/assisted_teleop/share/assisted_teleop/cmake/ament_cmake_export_dependencies-extras.cmake
-- Up-to-date symlink: /home/anushreesabnis/OSPP-2021/ospp-ws/install/assisted_teleop/share/assisted_teleop/cmake/assisted_teleopConfig.cmake
-- Up-to-date symlink: /home/anushreesabnis/OSPP-2021/ospp-ws/install/assisted_teleop/share/assisted_teleop/cmake/assisted_teleopConfig-version.cmake
-- Up-to-date symlink: /home/anushreesabnis/OSPP-2021/ospp-ws/install/assisted_teleop/share/assisted_teleop/package.xml
